<?xml version="1.0" encoding="UTF-8"?>
<!-- Generated by org.testng.reporters.JUnitXMLReporter -->
<testsuite ignored="7" hostname="Sasi" failures="0" tests="8" name="CreateNewUsersTest" time="0.067" errors="0" timestamp="2021-12-01T08:15:35 IST">
  <testcase classname="com.testng.groups.DemoTestngGroups" name="test3" time="0.008"/>
  <testcase classname="com.testng.groups.DemoTestngGroups" name="test4" time="0.001"/>
  <testcase classname="com.testng.groups.DemoTestngGroups" name="test5" time="0.001"/>
  <testcase classname="com.testng.groups.DemoTestngGroups3" name="chrome" time="0.002"/>
  <testcase classname="com.testng.groups.DemoTestngGroups3" name="edge" time="0.001"/>
  <testcase classname="com.testng.groups.DemoTestngGroups3" name="firefox" time="0.001"/>
  <testcase classname="com.testng.groups.DemoTestngGroups3" name="opera" time="0.001"/>
  <testcase classname="com.testng.groups.DemoTestngGroups3" name="safari" time="0.002"/>
  <testcase classname="com.testng.groups.DemoTestngGroups" name="test1" time="0.0">
    <ignored/>
  </testcase> <!-- test1 -->
  <testcase classname="com.testng.groups.DemoTestngGroups" name="test2" time="0.0">
    <ignored/>
  </testcase> <!-- test2 -->
  <testcase classname="com.testng.groups.DemoTestngGroups2" name="chrome" time="0.0">
    <ignored/>
  </testcase> <!-- chrome -->
  <testcase classname="com.testng.groups.DemoTestngGroups2" name="firefox" time="0.0">
    <ignored/>
  </testcase> <!-- firefox -->
  <testcase classname="com.testng.groups.DemoTestngGroups2" name="edge" time="0.0">
    <ignored/>
  </testcase> <!-- edge -->
  <testcase classname="com.testng.groups.DemoTestngGroups2" name="safari" time="0.0">
    <ignored/>
  </testcase> <!-- safari -->
  <testcase classname="com.testng.groups.DemoTestngGroups2" name="opera" time="0.0">
    <ignored/>
  </testcase> <!-- opera -->
</testsuite> <!-- CreateNewUsersTest -->
