<?xml version="1.0" encoding="UTF-8"?>
<testng-results ignored="0" total="2" passed="2" failed="0" skipped="0">
  <reporter-output>
  </reporter-output>
  <suite started-at="2021-11-26T08:01:08 IST" name="Default suite" finished-at="2021-11-26T08:01:53 IST" duration-ms="44263">
    <groups>
    </groups>
    <test started-at="2021-11-26T08:01:08 IST" name="Default test" finished-at="2021-11-26T08:01:53 IST" duration-ms="44263">
      <class name="com.Examples.DemoGetText">
        <test-method signature="test1()[pri:0, instance:com.Examples.DemoGetText@101952da]" started-at="2021-11-26T08:01:08 IST" name="test1" finished-at="2021-11-26T08:01:27 IST" duration-ms="18630" status="PASS">
          <reporter-output>
          </reporter-output>
        </test-method> <!-- test1 -->
        <test-method signature="test2()[pri:0, instance:com.Examples.DemoGetText@101952da]" started-at="2021-11-26T08:01:27 IST" name="test2" finished-at="2021-11-26T08:01:53 IST" duration-ms="25594" status="PASS">
          <reporter-output>
          </reporter-output>
        </test-method> <!-- test2 -->
      </class> <!-- com.Examples.DemoGetText -->
    </test> <!-- Default test -->
  </suite> <!-- Default suite -->
</testng-results>
